timestamp: Sun Mar 14 2021 19:10:01 GMT+0100 (Mitteleuropäische Normalzeit);	Author: Mr_Milchmann_LP#0001;	Channel: #commands;	Content: So siehts aus;
timestamp: Sun Mar 14 2021 19:10:03 GMT+0100 (Mitteleuropäische Normalzeit);	Author: Mr_Milchmann_LP#0001;	Channel: #commands;	Content: Genau;
timestamp: Sun Mar 14 2021 19:16:29 GMT+0100 (Mitteleuropäische Normalzeit);	Author: Milchkasten;	Server: Mr_Milchmann_LP#0001;	Channel: #commands;	Content: !help;
timestamp: Sun Mar 14 2021 19:17:06 GMT+0100 (Mitteleuropäische Normalzeit);	Author: Milchkasten;	Server: Mr_Milchmann_LP#0001;	Channel: #commands;	Content: !help;
timestamp: Sun Mar 14 2021 19:17:07 GMT+0100 (Mitteleuropäische Normalzeit);	Author: null;	Server: Milchkasten#2229;	Channel: #undefined;	Content: Hier ist eine Liste mit allen Befehlen:
ping, serverlist, serverinfo, stats, userinfo, args-info, avatar, help, reload, server, member

Du kannst `!help [command name]` benutzen um genaures zu Erfahren!;
timestamp: Sun Mar 14 2021 19:17:07 GMT+0100 (Mitteleuropäische Normalzeit);	Author: Milchkasten;	Server: Milchkasten#2229;	Channel: #commands;	Content: <@!398101340322136075>, Du hast eine DM mit allen Befehlen bekommen!;
timestamp: Sun Mar 14 2021 19:18:54 GMT+0100 (Mitteleuropäische Normalzeit);	Author: Milchkasten;	Server: Mr_Milchmann_LP#0001;	Channel: #memberlog;	Content: Danke das du funktionierst;
timestamp: Sun Mar 14 2021 19:19:45 GMT+0100 (Mitteleuropäische Normalzeit);	Author: null;	Server: Mr_Milchmann_LP#0001;	Channel: #undefined;	Content: okay;
timestamp: Sun Mar 14 2021 19:19:52 GMT+0100 (Mitteleuropäische Normalzeit);	Author: null;	Server: Mr_Milchmann_LP#0001;	Channel: #undefined;	Content: macht kein sinn;
timestamp: Sun Mar 14 2021 19:20:34 GMT+0100 (Mitteleuropäische Normalzeit);	Author: Mr_Milchmann_LP#0001;	Server: null;	Channel: #undefined;	Content: test;
timestamp: Sun Mar 14 2021 19:20:44 GMT+0100 (Mitteleuropäische Normalzeit);	Author: Mr_Milchmann_LP#0001;	Server: null;	Channel: #undefined;	Content: okay das passt;
timestamp: Sun Mar 14 2021 20:42:47 GMT+0100 (Mitteleuropäische Normalzeit);	Author: Mr_Milchmann_LP#0001;	Server: Milchkasten;	Channel: #commands;	Content: !ping;
timestamp: Sun Mar 14 2021 20:42:47 GMT+0100 (Mitteleuropäische Normalzeit);	Author: Milchkasten#2229;	Server: Milchkasten;	Channel: #commands;	Content: Pinging...;
timestamp: Sun Mar 14 2021 20:45:38 GMT+0100 (Mitteleuropäische Normalzeit);	Author: Mr_Milchmann_LP#0001;	Server: Milchkasten;	Channel: #commands;	Content: !ping;
timestamp: Sun Mar 14 2021 20:45:38 GMT+0100 (Mitteleuropäische Normalzeit);	Author: Milchkasten#2229;	Server: Milchkasten;	Channel: #commands;	Content: ;
timestamp: Sun Mar 14 2021 20:46:07 GMT+0100 (Mitteleuropäische Normalzeit);	Author: Mr_Milchmann_LP#0001;	Server: Milchkasten;	Channel: #commands;	Content: !ping;
timestamp: Sun Mar 14 2021 20:46:07 GMT+0100 (Mitteleuropäische Normalzeit);	Author: Milchkasten#2229;	Server: Milchkasten;	Channel: #commands;	Content: ;
timestamp: Sun Mar 14 2021 20:46:37 GMT+0100 (Mitteleuropäische Normalzeit);	Author: Mr_Milchmann_LP#0001;	Server: Milchkasten;	Channel: #commands;	Content: !ping;
timestamp: Sun Mar 14 2021 20:46:37 GMT+0100 (Mitteleuropäische Normalzeit);	Author: Milchkasten#2229;	Server: Milchkasten;	Channel: #commands;	Content: ;
timestamp: Sun Mar 14 2021 20:48:56 GMT+0100 (Mitteleuropäische Normalzeit);	Author: Mr_Milchmann_LP#0001;	Server: Milchkasten;	Channel: #commands;	Content: !ping;
timestamp: Sun Mar 14 2021 20:48:57 GMT+0100 (Mitteleuropäische Normalzeit);	Author: Milchkasten#2229;	Server: Milchkasten;	Channel: #commands;	Content: ;
timestamp: Sun Mar 14 2021 20:49:32 GMT+0100 (Mitteleuropäische Normalzeit);	Author: Mr_Milchmann_LP#0001;	Server: Milchkasten;	Channel: #commands;	Content: +server;
timestamp: Sun Mar 14 2021 20:49:32 GMT+0100 (Mitteleuropäische Normalzeit);	Author: Timolia Statistiken#3231;	Server: Milchkasten;	Channel: #commands;	Content: ;
timestamp: Sun Mar 14 2021 20:49:36 GMT+0100 (Mitteleuropäische Normalzeit);	Author: Mr_Milchmann_LP#0001;	Server: Milchkasten;	Channel: #commands;	Content: !server;
timestamp: Sun Mar 14 2021 20:49:36 GMT+0100 (Mitteleuropäische Normalzeit);	Author: Milchkasten#2229;	Server: Milchkasten;	Channel: #commands;	Content: Server-Name: Milchkasten
Total Members: 91;
timestamp: Sun Mar 14 2021 20:49:41 GMT+0100 (Mitteleuropäische Normalzeit);	Author: Mr_Milchmann_LP#0001;	Server: Milchkasten;	Channel: #commands;	Content: !servers;
timestamp: Sun Mar 14 2021 20:49:50 GMT+0100 (Mitteleuropäische Normalzeit);	Author: Mr_Milchmann_LP#0001;	Server: Milchkasten;	Channel: #commands;	Content: !serverlist;
timestamp: Sun Mar 14 2021 20:49:50 GMT+0100 (Mitteleuropäische Normalzeit);	Author: Milchkasten#2229;	Server: Milchkasten;	Channel: #commands;	Content: ;
timestamp: Sun Mar 14 2021 20:50:23 GMT+0100 (Mitteleuropäische Normalzeit);	Author: Mr_Milchmann_LP#0001;	Server: Milchkasten;	Channel: #commands;	Content: !stats 1vs1 L3nnart_;
timestamp: Sun Mar 14 2021 20:50:24 GMT+0100 (Mitteleuropäische Normalzeit);	Author: Milchkasten#2229;	Server: Milchkasten;	Channel: #commands;	Content: ;
timestamp: Sun Mar 14 2021 20:51:30 GMT+0100 (Mitteleuropäische Normalzeit);	Author: Mr_Milchmann_LP#0001;	Server: Milchkasten;	Channel: #commands;	Content: !serverlist;
timestamp: Sun Mar 14 2021 20:51:31 GMT+0100 (Mitteleuropäische Normalzeit);	Author: Milchkasten#2229;	Server: Milchkasten;	Channel: #commands;	Content: ;
timestamp: Sun Mar 14 2021 20:51:34 GMT+0100 (Mitteleuropäische Normalzeit);	Author: Mr_Milchmann_LP#0001;	Server: Milchkasten;	Channel: #commands;	Content: !stats;
timestamp: Sun Mar 14 2021 20:51:34 GMT+0100 (Mitteleuropäische Normalzeit);	Author: Milchkasten#2229;	Server: Milchkasten;	Channel: #commands;	Content: ;
timestamp: Sun Mar 14 2021 20:51:40 GMT+0100 (Mitteleuropäische Normalzeit);	Author: Mr_Milchmann_LP#0001;	Server: Milchkasten;	Channel: #commands;	Content: !stats 1vs1 L3nnart_;
timestamp: Sun Mar 14 2021 20:51:40 GMT+0100 (Mitteleuropäische Normalzeit);	Author: Milchkasten#2229;	Server: Milchkasten;	Channel: #commands;	Content: ;
timestamp: Sun Mar 14 2021 20:52:50 GMT+0100 (Mitteleuropäische Normalzeit);	Author: Mr_Milchmann_LP#0001;	Server: Milchkasten;	Channel: #commands;	Content: !stats 1vs1 L3nnart_;
timestamp: Sun Mar 14 2021 20:52:50 GMT+0100 (Mitteleuropäische Normalzeit);	Author: Milchkasten#2229;	Server: Milchkasten;	Channel: #commands;	Content: ;
timestamp: Sun Mar 14 2021 20:52:53 GMT+0100 (Mitteleuropäische Normalzeit);	Author: Mr_Milchmann_LP#0001;	Server: Milchkasten;	Channel: #commands;	Content: !ping;
timestamp: Sun Mar 14 2021 20:52:53 GMT+0100 (Mitteleuropäische Normalzeit);	Author: Milchkasten#2229;	Server: Milchkasten;	Channel: #commands;	Content: ;
timestamp: Sun Mar 14 2021 20:59:35 GMT+0100 (Mitteleuropäische Normalzeit);	Author: Mr_Milchmann_LP#0001;	Server: null;	Channel: #undefined;	Content: !ping;
timestamp: Sun Mar 14 2021 20:59:35 GMT+0100 (Mitteleuropäische Normalzeit);	Author: Milchkasten#2229;	Server: null;	Channel: #undefined;	Content: ;
timestamp: Sun Mar 14 2021 20:59:49 GMT+0100 (Mitteleuropäische Normalzeit);	Author: Mr_Milchmann_LP#0001;	Server: null;	Channel: #undefined;	Content: !serverlist;
timestamp: Sun Mar 14 2021 20:59:49 GMT+0100 (Mitteleuropäische Normalzeit);	Author: Milchkasten#2229;	Server: null;	Channel: #undefined;	Content: ;
timestamp: Sun Mar 14 2021 21:02:52 GMT+0100 (Mitteleuropäische Normalzeit);	Author: Mr_Milchmann_LP#0001;	Server: null;	Channel: #undefined;	Content: !ping;
timestamp: Sun Mar 14 2021 21:02:52 GMT+0100 (Mitteleuropäische Normalzeit);	Author: Milchkasten#2229;	Server: null;	Channel: #undefined;	Content: ;
timestamp: Sun Mar 14 2021 21:02:55 GMT+0100 (Mitteleuropäische Normalzeit);	Author: Mr_Milchmann_LP#0001;	Server: null;	Channel: #undefined;	Content: halts maul;
timestamp: Sun Mar 14 2021 21:03:09 GMT+0100 (Mitteleuropäische Normalzeit);	Author: Mr_Milchmann_LP#0001;	Server: null;	Channel: #undefined;	Content: !stats 1vs1 L3nnart_;
timestamp: Sun Mar 14 2021 21:03:10 GMT+0100 (Mitteleuropäische Normalzeit);	Author: Milchkasten#2229;	Server: null;	Channel: #undefined;	Content: ;
timestamp: Sun Mar 14 2021 21:10:21 GMT+0100 (Mitteleuropäische Normalzeit);	Author: Mr_Milchmann_LP#0001;	Server: null;	Channel: #undefined;	Content: !stat hdanospädhasui+;
timestamp: Sun Mar 14 2021 21:10:26 GMT+0100 (Mitteleuropäische Normalzeit);	Author: Mr_Milchmann_LP#0001;	Server: null;	Channel: #undefined;	Content: !stats 1vs1 aihg#iasüigjhsg;
timestamp: Sun Mar 14 2021 21:10:27 GMT+0100 (Mitteleuropäische Normalzeit);	Author: Milchkasten#2229;	Server: null;	Channel: #undefined;	Content: ;
timestamp: Sun Mar 14 2021 21:39:06 GMT+0100 (Mitteleuropäische Normalzeit);	Author: Mr_Milchmann_LP#0001;	Server: null;	Channel: #undefined;	Content: !help;
timestamp: Sun Mar 14 2021 21:39:06 GMT+0100 (Mitteleuropäische Normalzeit);	Author: Milchkasten#2229;	Server: null;	Channel: #undefined;	Content: Hier ist eine Liste mit allen Befehlen:
ping, serverlist, serverinfo, stats, userinfo, args-info, avatar, help, reload, server, member

Du kannst `!help [command name]` benutzen um genaures zu Erfahren!;
timestamp: Sun Mar 14 2021 21:39:08 GMT+0100 (Mitteleuropäische Normalzeit);	Author: Mr_Milchmann_LP#0001;	Server: null;	Channel: #undefined;	Content: !stats;
timestamp: Sun Mar 14 2021 21:39:08 GMT+0100 (Mitteleuropäische Normalzeit);	Author: Milchkasten#2229;	Server: null;	Channel: #undefined;	Content: ;
timestamp: Sun Mar 14 2021 21:39:14 GMT+0100 (Mitteleuropäische Normalzeit);	Author: Mr_Milchmann_LP#0001;	Server: null;	Channel: #undefined;	Content: !ping;
timestamp: Sun Mar 14 2021 21:39:14 GMT+0100 (Mitteleuropäische Normalzeit);	Author: Milchkasten#2229;	Server: null;	Channel: #undefined;	Content: ;
timestamp: Sun Mar 14 2021 22:05:02 GMT+0100 (Mitteleuropäische Normalzeit);	Author: Mr_Milchmann_LP#0001;	Server: Milchkasten;	Channel: #lennart-max-stuff;	Content: ;
timestamp: Sun Mar 14 2021 22:05:32 GMT+0100 (Mitteleuropäische Normalzeit);	Author: 𝓚𝓵𝓪𝓽𝓼𝓬𝓱𝔂#0016;	Server: Milchkasten;	Channel: #lennart-max-stuff;	Content: Lol;
timestamp: Sun Mar 14 2021 22:06:07 GMT+0100 (Mitteleuropäische Normalzeit);	Author: Mr_Milchmann_LP#0001;	Server: Milchkasten;	Channel: #commands;	Content: !ping;
timestamp: Sun Mar 14 2021 22:06:07 GMT+0100 (Mitteleuropäische Normalzeit);	Author: Milchkasten#2229;	Server: Milchkasten;	Channel: #commands;	Content: ;
timestamp: Sun Mar 14 2021 22:06:14 GMT+0100 (Mitteleuropäische Normalzeit);	Author: Mr_Milchmann_LP#0001;	Server: Milchkasten;	Channel: #commands;	Content: !ping;
timestamp: Sun Mar 14 2021 22:06:14 GMT+0100 (Mitteleuropäische Normalzeit);	Author: Milchkasten#2229;	Server: Milchkasten;	Channel: #commands;	Content: ;
timestamp: Sun Mar 14 2021 22:06:25 GMT+0100 (Mitteleuropäische Normalzeit);	Author: 𝓚𝓵𝓪𝓽𝓼𝓬𝓱𝔂#0016;	Server: Milchkasten;	Channel: #commands;	Content: Pong;
timestamp: Sun Mar 14 2021 22:06:41 GMT+0100 (Mitteleuropäische Normalzeit);	Author: Mr_Milchmann_LP#0001;	Server: Milchkasten;	Channel: #commands;	Content: !ping;
timestamp: Sun Mar 14 2021 22:06:42 GMT+0100 (Mitteleuropäische Normalzeit);	Author: Milchkasten#2229;	Server: Milchkasten;	Channel: #commands;	Content: ;
timestamp: Sun Mar 14 2021 22:10:33 GMT+0100 (Mitteleuropäische Normalzeit);	Author: Mr_Milchmann_LP#0001;	Server: null;	Channel: #undefined;	Content: !ping;
timestamp: Sun Mar 14 2021 22:10:33 GMT+0100 (Mitteleuropäische Normalzeit);	Author: Milchkasten#2229;	Server: null;	Channel: #undefined;	Content: ;
timestamp: Sun Mar 14 2021 22:10:57 GMT+0100 (Mitteleuropäische Normalzeit);	Author: Mr_Milchmann_LP#0001;	Server: null;	Channel: #undefined;	Content: !ping;
timestamp: Sun Mar 14 2021 22:10:57 GMT+0100 (Mitteleuropäische Normalzeit);	Author: Milchkasten#2229;	Server: null;	Channel: #undefined;	Content: ;
timestamp: Sun Mar 14 2021 22:11:18 GMT+0100 (Mitteleuropäische Normalzeit);	Author: Mr_Milchmann_LP#0001;	Server: null;	Channel: #undefined;	Content: !ping;
timestamp: Sun Mar 14 2021 22:11:18 GMT+0100 (Mitteleuropäische Normalzeit);	Author: Milchkasten#2229;	Server: null;	Channel: #undefined;	Content: ;
timestamp: Sun Mar 14 2021 22:11:28 GMT+0100 (Mitteleuropäische Normalzeit);	Author: Mr_Milchmann_LP#0001;	Server: null;	Channel: #undefined;	Content: !ping;
timestamp: Sun Mar 14 2021 22:11:28 GMT+0100 (Mitteleuropäische Normalzeit);	Author: Milchkasten#2229;	Server: null;	Channel: #undefined;	Content: ;
timestamp: Sun Mar 14 2021 22:11:46 GMT+0100 (Mitteleuropäische Normalzeit);	Author: Mr_Milchmann_LP#0001;	Server: null;	Channel: #undefined;	Content: !ping;
timestamp: Sun Mar 14 2021 22:11:46 GMT+0100 (Mitteleuropäische Normalzeit);	Author: Milchkasten#2229;	Server: null;	Channel: #undefined;	Content: ;
timestamp: Sun Mar 14 2021 22:33:24 GMT+0100 (Mitteleuropäische Normalzeit);	Author: Mr_Milchmann_LP#0001;	Server: Milchkasten;	Channel: #commands;	Content: !stats 1vs1 L3nnart_;
timestamp: Sun Mar 14 2021 22:33:24 GMT+0100 (Mitteleuropäische Normalzeit);	Author: Milchkasten#2229;	Server: Milchkasten;	Channel: #commands;	Content: ;
timestamp: Sun Mar 14 2021 23:06:17 GMT+0100 (Mitteleuropäische Normalzeit);	Author: Mr_Milchmann_LP#0001;	Server: null;	Channel: #undefined;	Content: !ping;
timestamp: Sun Mar 14 2021 23:06:17 GMT+0100 (Mitteleuropäische Normalzeit);	Author: Milchkasten#2229;	Server: null;	Channel: #undefined;	Content: ;
timestamp: Sun Mar 14 2021 23:10:57 GMT+0100 (Mitteleuropäische Normalzeit);	Author: Mr_Milchmann_LP#0001;	Server: null;	Channel: #undefined;	Content: !ping;
timestamp: Sun Mar 14 2021 23:10:57 GMT+0100 (Mitteleuropäische Normalzeit);	Author: Milchkasten#2229;	Server: null;	Channel: #undefined;	Content: ;
timestamp: Sun Mar 14 2021 23:11:29 GMT+0100 (Mitteleuropäische Normalzeit);	Author: Mr_Milchmann_LP#0001;	Server: Milchkasten;	Channel: #updates;	Content: ;
timestamp: Mon Mar 15 2021 00:39:31 GMT+0100 (Mitteleuropäische Normalzeit);	Author: GitHub#0000;	Server: Milchkasten;	Channel: #changelog;	Content: ;
timestamp: Mon Mar 15 2021 01:05:20 GMT+0100 (Mitteleuropäische Normalzeit);	Author: Mr_Milchmann_LP#0001;	Server: Milchkasten;	Channel: #lennart-max-stuff;	Content: https://www.skyraider.de/wp-content/uploads/2015/06/easy-wi.png;
timestamp: Mon Mar 15 2021 01:50:16 GMT+0100 (Mitteleuropäische Normalzeit);	Author: Mr_Milchmann_LP#0001;	Server: Milchkasten;	Channel: #commands;	Content: !serverlist;
timestamp: Mon Mar 15 2021 01:50:16 GMT+0100 (Mitteleuropäische Normalzeit);	Author: Milchkasten#2229;	Server: Milchkasten;	Channel: #commands;	Content: ;
timestamp: Mon Mar 15 2021 01:50:44 GMT+0100 (Mitteleuropäische Normalzeit);	Author: Mr_Milchmann_LP#0001;	Server: Milchkasten;	Channel: #commands;	Content: !ping;
timestamp: Mon Mar 15 2021 01:50:44 GMT+0100 (Mitteleuropäische Normalzeit);	Author: Milchkasten#2229;	Server: Milchkasten;	Channel: #commands;	Content: ;
timestamp: Mon Mar 15 2021 01:57:03 GMT+0100 (Mitteleuropäische Normalzeit);	Author: Mr_Milchmann_LP#0001;	Server: null;	Channel: #undefined;	Content: !status;
timestamp: Mon Mar 15 2021 01:57:03 GMT+0100 (Mitteleuropäische Normalzeit);	Author: Milchkasten#2229;	Server: null;	Channel: #undefined;	Content: ;
timestamp: Mon Mar 15 2021 01:58:13 GMT+0100 (Mitteleuropäische Normalzeit);	Author: Mr_Milchmann_LP#0001;	Server: null;	Channel: #undefined;	Content: !status;
timestamp: Mon Mar 15 2021 01:58:14 GMT+0100 (Mitteleuropäische Normalzeit);	Author: Milchkasten#2229;	Server: null;	Channel: #undefined;	Content: ;
timestamp: Mon Mar 15 2021 01:59:56 GMT+0100 (Mitteleuropäische Normalzeit);	Author: Mr_Milchmann_LP#0001;	Server: null;	Channel: #undefined;	Content: !status;
timestamp: Mon Mar 15 2021 01:59:57 GMT+0100 (Mitteleuropäische Normalzeit);	Author: Milchkasten#2229;	Server: null;	Channel: #undefined;	Content: ;
timestamp: Mon Mar 15 2021 02:04:47 GMT+0100 (Mitteleuropäische Normalzeit);	Author: Mr_Milchmann_LP#0001;	Server: null;	Channel: #undefined;	Content: !status;
timestamp: Mon Mar 15 2021 02:04:47 GMT+0100 (Mitteleuropäische Normalzeit);	Author: Milchkasten#2229;	Server: null;	Channel: #undefined;	Content: ;
timestamp: Mon Mar 15 2021 02:04:55 GMT+0100 (Mitteleuropäische Normalzeit);	Author: Mr_Milchmann_LP#0001;	Server: Milchkasten;	Channel: #commands;	Content: !status;
timestamp: Mon Mar 15 2021 02:04:55 GMT+0100 (Mitteleuropäische Normalzeit);	Author: Milchkasten#2229;	Server: Milchkasten;	Channel: #commands;	Content: ;
timestamp: Mon Mar 15 2021 02:15:28 GMT+0100 (Mitteleuropäische Normalzeit);	Author: Mr_Milchmann_LP#0001;	Server: Milchkasten;	Channel: #commands;	Content: !status;
timestamp: Mon Mar 15 2021 02:15:28 GMT+0100 (Mitteleuropäische Normalzeit);	Author: Milchkasten#2229;	Server: Milchkasten;	Channel: #commands;	Content: ;
timestamp: Mon Mar 15 2021 02:16:18 GMT+0100 (Mitteleuropäische Normalzeit);	Author: Mr_Milchmann_LP#0001;	Server: Milchkasten;	Channel: #commands;	Content: test;
timestamp: Mon Mar 15 2021 02:19:03 GMT+0100 (Mitteleuropäische Normalzeit);	Author: Mr_Milchmann_LP#0001;	Server: Milchkasten;	Channel: #commands;	Content: !userinfo HolleHD;
timestamp: Mon Mar 15 2021 02:19:04 GMT+0100 (Mitteleuropäische Normalzeit);	Author: Milchkasten#2229;	Server: Milchkasten;	Channel: #commands;	Content: ;
timestamp: Mon Mar 15 2021 02:35:09 GMT+0100 (Mitteleuropäische Normalzeit);	Author: Mr_Milchmann_LP#0001;	Server: null;	Channel: #undefined;	Content: !member;
timestamp: Mon Mar 15 2021 02:35:09 GMT+0100 (Mitteleuropäische Normalzeit);	Author: Milchkasten#2229;	Server: null;	Channel: #undefined;	Content: Username: Mr_Milchmann_LP
Dev-ID: 398101340322136075;
timestamp: Mon Mar 15 2021 02:35:22 GMT+0100 (Mitteleuropäische Normalzeit);	Author: Mr_Milchmann_LP#0001;	Server: null;	Channel: #undefined;	Content: !serverinfo;
timestamp: Mon Mar 15 2021 02:35:23 GMT+0100 (Mitteleuropäische Normalzeit);	Author: Milchkasten#2229;	Server: null;	Channel: #undefined;	Content: ;
timestamp: Mon Mar 15 2021 02:35:31 GMT+0100 (Mitteleuropäische Normalzeit);	Author: Mr_Milchmann_LP#0001;	Server: Milchkasten;	Channel: #commands;	Content: !serverinfo;
timestamp: Mon Mar 15 2021 02:35:31 GMT+0100 (Mitteleuropäische Normalzeit);	Author: Milchkasten#2229;	Server: Milchkasten;	Channel: #commands;	Content: Server-Name: Milchkasten Total Members: 91;
timestamp: Mon Mar 15 2021 03:00:13 GMT+0100 (Mitteleuropäische Normalzeit);	Author: Mr_Milchmann_LP#0001;	Server: null;	Channel: #undefined;	Content: !top;
timestamp: Mon Mar 15 2021 03:00:13 GMT+0100 (Mitteleuropäische Normalzeit);	Author: Milchkasten#2229;	Server: null;	Channel: #undefined;	Content: ;
timestamp: Mon Mar 15 2021 03:00:18 GMT+0100 (Mitteleuropäische Normalzeit);	Author: Mr_Milchmann_LP#0001;	Server: null;	Channel: #undefined;	Content: !top Splun;
timestamp: Mon Mar 15 2021 03:00:27 GMT+0100 (Mitteleuropäische Normalzeit);	Author: Milchkasten#2229;	Server: null;	Channel: #undefined;	Content: ;
timestamp: Mon Mar 15 2021 03:01:59 GMT+0100 (Mitteleuropäische Normalzeit);	Author: Mr_Milchmann_LP#0001;	Server: null;	Channel: #undefined;	Content: !top Splun 12;
timestamp: Mon Mar 15 2021 03:02:04 GMT+0100 (Mitteleuropäische Normalzeit);	Author: Milchkasten#2229;	Server: null;	Channel: #undefined;	Content: ;
timestamp: Mon Mar 15 2021 03:02:52 GMT+0100 (Mitteleuropäische Normalzeit);	Author: Mr_Milchmann_LP#0001;	Server: null;	Channel: #undefined;	Content: !top Splun;
timestamp: Mon Mar 15 2021 03:02:57 GMT+0100 (Mitteleuropäische Normalzeit);	Author: Milchkasten#2229;	Server: null;	Channel: #undefined;	Content: ;
timestamp: Mon Mar 15 2021 03:03:04 GMT+0100 (Mitteleuropäische Normalzeit);	Author: Mr_Milchmann_LP#0001;	Server: null;	Channel: #undefined;	Content: !top Splun 10;
timestamp: Mon Mar 15 2021 03:03:09 GMT+0100 (Mitteleuropäische Normalzeit);	Author: Milchkasten#2229;	Server: null;	Channel: #undefined;	Content: ;
timestamp: Mon Mar 15 2021 03:04:33 GMT+0100 (Mitteleuropäische Normalzeit);	Author: Mr_Milchmann_LP#0001;	Server: null;	Channel: #undefined;	Content: !top;
timestamp: Mon Mar 15 2021 03:04:34 GMT+0100 (Mitteleuropäische Normalzeit);	Author: Milchkasten#2229;	Server: null;	Channel: #undefined;	Content: ;
timestamp: Mon Mar 15 2021 03:04:40 GMT+0100 (Mitteleuropäische Normalzeit);	Author: Mr_Milchmann_LP#0001;	Server: null;	Channel: #undefined;	Content: !top Mineception;
timestamp: Mon Mar 15 2021 03:05:01 GMT+0100 (Mitteleuropäische Normalzeit);	Author: Milchkasten#2229;	Server: null;	Channel: #undefined;	Content: ;
timestamp: Mon Mar 15 2021 03:05:43 GMT+0100 (Mitteleuropäische Normalzeit);	Author: Mr_Milchmann_LP#0001;	Server: null;	Channel: #undefined;	Content: !top Mineception;
timestamp: Mon Mar 15 2021 03:05:48 GMT+0100 (Mitteleuropäische Normalzeit);	Author: Milchkasten#2229;	Server: null;	Channel: #undefined;	Content: ;
timestamp: Mon Mar 15 2021 03:06:16 GMT+0100 (Mitteleuropäische Normalzeit);	Author: Mr_Milchmann_LP#0001;	Server: null;	Channel: #undefined;	Content: !help;
timestamp: Mon Mar 15 2021 03:06:16 GMT+0100 (Mitteleuropäische Normalzeit);	Author: Milchkasten#2229;	Server: null;	Channel: #undefined;	Content: Hier ist eine Liste mit allen Befehlen:
server, stats, status, top, userinfo, avatar, help, ping, reload, serverinfo

Du kannst `!help [command name]` benutzen um genaures zu Erfahren!;
timestamp: Mon Mar 15 2021 03:06:55 GMT+0100 (Mitteleuropäische Normalzeit);	Author: Mr_Milchmann_LP#0001;	Server: null;	Channel: #undefined;	Content: !help;
timestamp: Mon Mar 15 2021 03:06:56 GMT+0100 (Mitteleuropäische Normalzeit);	Author: Milchkasten#2229;	Server: null;	Channel: #undefined;	Content: Hier ist eine Liste mit allen Befehlen:
server
stats
status
top
userinfo
avatar
help
ping
reload
serverinfo

Du kannst `!help [command name]` benutzen um genaures zu Erfahren!;
timestamp: Mon Mar 15 2021 03:07:12 GMT+0100 (Mitteleuropäische Normalzeit);	Author: Mr_Milchmann_LP#0001;	Server: null;	Channel: #undefined;	Content: !help;
timestamp: Mon Mar 15 2021 03:07:12 GMT+0100 (Mitteleuropäische Normalzeit);	Author: Milchkasten#2229;	Server: null;	Channel: #undefined;	Content: Hier ist eine Liste mit allen Befehlen:
server
 -stats
 -status
 -top
 -userinfo
 -avatar
 -help
 -ping
 -reload
 -serverinfo

Du kannst `!help [command name]` benutzen um genaures zu Erfahren!;
timestamp: Mon Mar 15 2021 03:07:52 GMT+0100 (Mitteleuropäische Normalzeit);	Author: Mr_Milchmann_LP#0001;	Server: null;	Channel: #undefined;	Content: !help;
timestamp: Mon Mar 15 2021 03:07:52 GMT+0100 (Mitteleuropäische Normalzeit);	Author: Milchkasten#2229;	Server: null;	Channel: #undefined;	Content: Hier ist eine Liste mit allen Befehlen:
server
 •stats
 •status
 •top
 •userinfo
 •avatar
 •help
 •ping
 •reload
 •serverinfo

Du kannst `!help [command name]` benutzen um genaures zu Erfahren!;
timestamp: Mon Mar 15 2021 03:09:06 GMT+0100 (Mitteleuropäische Normalzeit);	Author: Mr_Milchmann_LP#0001;	Server: null;	Channel: #undefined;	Content: !help;
timestamp: Mon Mar 15 2021 03:09:06 GMT+0100 (Mitteleuropäische Normalzeit);	Author: Milchkasten#2229;	Server: null;	Channel: #undefined;	Content: Hier ist eine Liste mit allen Befehlen:

server
stats
status
top
userinfo
avatar
help
ping
reload
serverinfo

Du kannst `!help [command name]` benutzen um genaures zu Erfahren!;
timestamp: Mon Mar 15 2021 03:09:21 GMT+0100 (Mitteleuropäische Normalzeit);	Author: Mr_Milchmann_LP#0001;	Server: null;	Channel: #undefined;	Content: !help server;
timestamp: Mon Mar 15 2021 03:09:21 GMT+0100 (Mitteleuropäische Normalzeit);	Author: Milchkasten#2229;	Server: null;	Channel: #undefined;	Content: **Name:** server
**Beschreibung:** Eine Liste aller Timolia Community Server
**Cooldown:** 3 Sekunde(n);
timestamp: Mon Mar 15 2021 03:10:14 GMT+0100 (Mitteleuropäische Normalzeit);	Author: Mr_Milchmann_LP#0001;	Server: null;	Channel: #undefined;	Content: !help stats;
timestamp: Mon Mar 15 2021 03:10:14 GMT+0100 (Mitteleuropäische Normalzeit);	Author: Milchkasten#2229;	Server: null;	Channel: #undefined;	Content: **Name:** stats
**Beschreibung:** Gibt dir die Statistiken von einem Spieler
**Benutzung:** !stats [Spielmodus] [Spieler]
**Cooldown:** 3 Sekunde(n);
timestamp: Mon Mar 15 2021 03:10:53 GMT+0100 (Mitteleuropäische Normalzeit);	Author: Mr_Milchmann_LP#0001;	Server: null;	Channel: #undefined;	Content: !help stats;
timestamp: Mon Mar 15 2021 03:10:53 GMT+0100 (Mitteleuropäische Normalzeit);	Author: Milchkasten#2229;	Server: null;	Channel: #undefined;	Content: **Name:** stats
**Beschreibung:** Gibt dir die Statistiken von einem Spieler
**Benutzung:** `!stats [Spielmodus] [Spieler]`
**Cooldown:** 3 Sekunde(n);
timestamp: Mon Mar 15 2021 03:17:28 GMT+0100 (Mitteleuropäische Normalzeit);	Author: Mr_Milchmann_LP#0001;	Server: Milchkasten;	Channel: #commands;	Content: !invite;
timestamp: Mon Mar 15 2021 03:17:28 GMT+0100 (Mitteleuropäische Normalzeit);	Author: Milchkasten#2229;	Server: Milchkasten;	Channel: #commands;	Content: ;
timestamp: Mon Mar 15 2021 03:28:12 GMT+0100 (Mitteleuropäische Normalzeit);	Author: Mr_Milchmann_LP#0001;	Server: Milchkasten;	Channel: #commands;	Content: !info;
timestamp: Mon Mar 15 2021 03:28:12 GMT+0100 (Mitteleuropäische Normalzeit);	Author: Milchkasten#2229;	Server: Milchkasten;	Channel: #commands;	Content: ;
timestamp: Mon Mar 15 2021 03:30:19 GMT+0100 (Mitteleuropäische Normalzeit);	Author: Mr_Milchmann_LP#0001;	Server: Milchkasten;	Channel: #commands;	Content: !info;
timestamp: Mon Mar 15 2021 03:30:19 GMT+0100 (Mitteleuropäische Normalzeit);	Author: Milchkasten#2229;	Server: Milchkasten;	Channel: #commands;	Content: ;
timestamp: Mon Mar 15 2021 03:30:53 GMT+0100 (Mitteleuropäische Normalzeit);	Author: Mr_Milchmann_LP#0001;	Server: Milchkasten;	Channel: #commands;	Content: !info;
timestamp: Mon Mar 15 2021 03:30:54 GMT+0100 (Mitteleuropäische Normalzeit);	Author: Milchkasten#2229;	Server: Milchkasten;	Channel: #commands;	Content: ;
timestamp: Mon Mar 15 2021 03:31:50 GMT+0100 (Mitteleuropäische Normalzeit);	Author: Mr_Milchmann_LP#0001;	Server: Milchkasten;	Channel: #commands;	Content: !info;
timestamp: Mon Mar 15 2021 03:31:50 GMT+0100 (Mitteleuropäische Normalzeit);	Author: Milchkasten#2229;	Server: Milchkasten;	Channel: #commands;	Content: ;
timestamp: Mon Mar 15 2021 03:33:19 GMT+0100 (Mitteleuropäische Normalzeit);	Author: Mr_Milchmann_LP#0001;	Server: Milchkasten;	Channel: #commands;	Content: !info;
timestamp: Mon Mar 15 2021 03:33:20 GMT+0100 (Mitteleuropäische Normalzeit);	Author: Milchkasten#2229;	Server: Milchkasten;	Channel: #commands;	Content: ;
timestamp: Mon Mar 15 2021 03:34:24 GMT+0100 (Mitteleuropäische Normalzeit);	Author: Mr_Milchmann_LP#0001;	Server: Milchkasten;	Channel: #commands;	Content: !info;
timestamp: Mon Mar 15 2021 03:34:25 GMT+0100 (Mitteleuropäische Normalzeit);	Author: Milchkasten#2229;	Server: Milchkasten;	Channel: #commands;	Content: ;
timestamp: Mon Mar 15 2021 03:34:46 GMT+0100 (Mitteleuropäische Normalzeit);	Author: Mr_Milchmann_LP#0001;	Server: Milchkasten;	Channel: #commands;	Content: !info;
timestamp: Mon Mar 15 2021 03:34:47 GMT+0100 (Mitteleuropäische Normalzeit);	Author: Milchkasten#2229;	Server: Milchkasten;	Channel: #commands;	Content: ;
timestamp: Wed Mar 17 2021 11:53:32 GMT+0100 (Mitteleuropäische Normalzeit);	Author: Mr_Milchmann_LP#0001;	Server: Milchkasten;	Channel: #botspam;	Content: !stats 1vs1 L3nnart_;
timestamp: Wed Mar 17 2021 11:53:33 GMT+0100 (Mitteleuropäische Normalzeit);	Author: Milchkasten#2229;	Server: Milchkasten;	Channel: #botspam;	Content: ;
timestamp: Wed Mar 17 2021 12:03:43 GMT+0100 (Mitteleuropäische Normalzeit);	Author: Mr_Milchmann_LP#0001;	Server: Milchkasten;	Channel: #botspam;	Content: !help;
timestamp: Wed Mar 17 2021 12:03:43 GMT+0100 (Mitteleuropäische Normalzeit);	Author: Milchkasten#2229;	Server: null;	Channel: #undefined;	Content: Hier ist eine Liste mit allen Befehlen:

server
stats
status
top
userinfo
avatar
info
help
invite
ping
reload
serverinfo

Du kannst `!help [command]` benutzen um genaures zu Erfahren!;
timestamp: Wed Mar 17 2021 12:03:44 GMT+0100 (Mitteleuropäische Normalzeit);	Author: Milchkasten#2229;	Server: Milchkasten;	Channel: #botspam;	Content: <@!398101340322136075>, Du hast eine DM mit allen Befehlen bekommen!;
timestamp: Wed Mar 17 2021 12:03:54 GMT+0100 (Mitteleuropäische Normalzeit);	Author: Mr_Milchmann_LP#0001;	Server: null;	Channel: #undefined;	Content: !stats;
timestamp: Wed Mar 17 2021 12:03:54 GMT+0100 (Mitteleuropäische Normalzeit);	Author: Milchkasten#2229;	Server: null;	Channel: #undefined;	Content: ;
timestamp: Wed Mar 17 2021 12:11:01 GMT+0100 (Mitteleuropäische Normalzeit);	Author: Mr_Milchmann_LP#0001;	Server: null;	Channel: #undefined;	Content: !help;
timestamp: Wed Mar 17 2021 12:11:01 GMT+0100 (Mitteleuropäische Normalzeit);	Author: Milchkasten#2229;	Server: null;	Channel: #undefined;	Content: ;
timestamp: Wed Mar 17 2021 12:11:36 GMT+0100 (Mitteleuropäische Normalzeit);	Author: Mr_Milchmann_LP#0001;	Server: null;	Channel: #undefined;	Content: !help;
timestamp: Wed Mar 17 2021 12:11:36 GMT+0100 (Mitteleuropäische Normalzeit);	Author: Milchkasten#2229;	Server: null;	Channel: #undefined;	Content: ;
timestamp: Wed Mar 17 2021 12:12:29 GMT+0100 (Mitteleuropäische Normalzeit);	Author: Mr_Milchmann_LP#0001;	Server: null;	Channel: #undefined;	Content: !help;
timestamp: Wed Mar 17 2021 12:12:29 GMT+0100 (Mitteleuropäische Normalzeit);	Author: Milchkasten#2229;	Server: null;	Channel: #undefined;	Content: it seems like I can't DM you! Do you have DMs disabled?;
timestamp: Wed Mar 17 2021 12:13:50 GMT+0100 (Mitteleuropäische Normalzeit);	Author: Mr_Milchmann_LP#0001;	Server: null;	Channel: #undefined;	Content: !help;
timestamp: Wed Mar 17 2021 12:13:51 GMT+0100 (Mitteleuropäische Normalzeit);	Author: Milchkasten#2229;	Server: null;	Channel: #undefined;	Content: it seems like I can't DM you! Do you have DMs disabled?;
timestamp: Wed Mar 17 2021 12:17:10 GMT+0100 (Mitteleuropäische Normalzeit);	Author: Mr_Milchmann_LP#0001;	Server: Milchkasten;	Channel: #botspam;	Content: !help;
timestamp: Wed Mar 17 2021 12:17:10 GMT+0100 (Mitteleuropäische Normalzeit);	Author: Milchkasten#2229;	Server: Milchkasten;	Channel: #botspam;	Content: ;
timestamp: Wed Mar 17 2021 12:17:46 GMT+0100 (Mitteleuropäische Normalzeit);	Author: Mr_Milchmann_LP#0001;	Server: Milchkasten;	Channel: #botspam;	Content: !help;
timestamp: Wed Mar 17 2021 12:17:46 GMT+0100 (Mitteleuropäische Normalzeit);	Author: Milchkasten#2229;	Server: null;	Channel: #undefined;	Content: ;
timestamp: Wed Mar 17 2021 12:17:46 GMT+0100 (Mitteleuropäische Normalzeit);	Author: Milchkasten#2229;	Server: Milchkasten;	Channel: #botspam;	Content: <@!398101340322136075>, I've sent you a DM with all my commands!;
timestamp: Wed Mar 17 2021 12:21:33 GMT+0100 (Mitteleuropäische Normalzeit);	Author: Mr_Milchmann_LP#0001;	Server: null;	Channel: #undefined;	Content: !help;
timestamp: Wed Mar 17 2021 12:21:33 GMT+0100 (Mitteleuropäische Normalzeit);	Author: Milchkasten#2229;	Server: null;	Channel: #undefined;	Content: ;
timestamp: Wed Mar 17 2021 12:21:41 GMT+0100 (Mitteleuropäische Normalzeit);	Author: Polldor#1121;	Server: Milchkasten;	Channel: #botspam;	Content: weißt du eig, dass ich für jede dieser Nachrichten eine Notification oben rein krieg? XDD;
timestamp: Wed Mar 17 2021 12:21:55 GMT+0100 (Mitteleuropäische Normalzeit);	Author: Mr_Milchmann_LP#0001;	Server: null;	Channel: #undefined;	Content: !helop;
timestamp: Wed Mar 17 2021 12:21:57 GMT+0100 (Mitteleuropäische Normalzeit);	Author: Mr_Milchmann_LP#0001;	Server: null;	Channel: #undefined;	Content: !help;
timestamp: Wed Mar 17 2021 12:21:57 GMT+0100 (Mitteleuropäische Normalzeit);	Author: Milchkasten#2229;	Server: null;	Channel: #undefined;	Content: ;
timestamp: Wed Mar 17 2021 12:24:12 GMT+0100 (Mitteleuropäische Normalzeit);	Author: Mr_Milchmann_LP#0001;	Server: null;	Channel: #undefined;	Content: !help;
timestamp: Wed Mar 17 2021 12:24:12 GMT+0100 (Mitteleuropäische Normalzeit);	Author: Milchkasten#2229;	Server: null;	Channel: #undefined;	Content: ;
timestamp: Wed Mar 17 2021 12:26:14 GMT+0100 (Mitteleuropäische Normalzeit);	Author: Mr_Milchmann_LP#0001;	Server: null;	Channel: #undefined;	Content: !help;
timestamp: Wed Mar 17 2021 12:26:15 GMT+0100 (Mitteleuropäische Normalzeit);	Author: Milchkasten#2229;	Server: null;	Channel: #undefined;	Content: ;
timestamp: Wed Mar 17 2021 12:26:31 GMT+0100 (Mitteleuropäische Normalzeit);	Author: Mr_Milchmann_LP#0001;	Server: null;	Channel: #undefined;	Content: !help;
timestamp: Wed Mar 17 2021 12:26:31 GMT+0100 (Mitteleuropäische Normalzeit);	Author: Milchkasten#2229;	Server: null;	Channel: #undefined;	Content: ;
timestamp: Wed Mar 17 2021 12:27:24 GMT+0100 (Mitteleuropäische Normalzeit);	Author: Mr_Milchmann_LP#0001;	Server: null;	Channel: #undefined;	Content: !help test;
timestamp: Wed Mar 17 2021 12:27:24 GMT+0100 (Mitteleuropäische Normalzeit);	Author: Milchkasten#2229;	Server: null;	Channel: #undefined;	Content: Das ist kein existierender Befehl!;
timestamp: Wed Mar 17 2021 12:28:02 GMT+0100 (Mitteleuropäische Normalzeit);	Author: Mr_Milchmann_LP#0001;	Server: Milchkasten;	Channel: #botspam;	Content: wie meinst;
timestamp: Wed Mar 17 2021 12:28:09 GMT+0100 (Mitteleuropäische Normalzeit);	Author: Mr_Milchmann_LP#0001;	Server: Milchkasten;	Channel: #botspam;	Content: stumm den channel;
timestamp: Wed Mar 17 2021 12:28:31 GMT+0100 (Mitteleuropäische Normalzeit);	Author: Mr_Milchmann_LP#0001;	Server: Milchkasten;	Channel: #botspam;	Content: oder schreibt der bot dir privat????;
timestamp: Wed Mar 17 2021 12:28:35 GMT+0100 (Mitteleuropäische Normalzeit);	Author: Mr_Milchmann_LP#0001;	Server: Milchkasten;	Channel: #botspam;	Content: <@!544515586076442626>;
timestamp: Wed Mar 17 2021 12:29:28 GMT+0100 (Mitteleuropäische Normalzeit);	Author: Polldor#1121;	Server: Milchkasten;	Channel: #botspam;	Content: ne;
timestamp: Wed Mar 17 2021 12:29:37 GMT+0100 (Mitteleuropäische Normalzeit);	Author: Polldor#1121;	Server: Milchkasten;	Channel: #botspam;	Content: nur vom Server;
timestamp: Wed Mar 17 2021 12:30:34 GMT+0100 (Mitteleuropäische Normalzeit);	Author: Mr_Milchmann_LP#0001;	Server: Milchkasten;	Channel: #botspam;	Content: gut;
timestamp: Wed Mar 17 2021 12:30:42 GMT+0100 (Mitteleuropäische Normalzeit);	Author: Mr_Milchmann_LP#0001;	Server: Milchkasten;	Channel: #botspam;	Content: dachte grad der bot schreibt jedem eine dm;
timestamp: Wed Mar 17 2021 12:30:46 GMT+0100 (Mitteleuropäische Normalzeit);	Author: Mr_Milchmann_LP#0001;	Server: Milchkasten;	Channel: #botspam;	Content: <:OMEGALUL:789995198334763028>;
timestamp: Wed Mar 17 2021 13:39:53 GMT+0100 (Mitteleuropäische Normalzeit);	Author: 𝑫𝒂𝒗𝒊𝒅™#6666;	Server: Milchkasten;	Channel: #commands;	Content: !help;
timestamp: Wed Mar 17 2021 13:39:54 GMT+0100 (Mitteleuropäische Normalzeit);	Author: Milchkasten#2229;	Server: null;	Channel: #undefined;	Content: ;
timestamp: Wed Mar 17 2021 13:39:54 GMT+0100 (Mitteleuropäische Normalzeit);	Author: Milchkasten#2229;	Server: Milchkasten;	Channel: #commands;	Content: <@!137259014986792960>, Du hast eine DM mit allen Befehlen bekommen!;
timestamp: Wed Mar 17 2021 13:40:14 GMT+0100 (Mitteleuropäische Normalzeit);	Author: 𝑫𝒂𝒗𝒊𝒅™#6666;	Server: null;	Channel: #undefined;	Content: !help server;
timestamp: Wed Mar 17 2021 13:40:14 GMT+0100 (Mitteleuropäische Normalzeit);	Author: Milchkasten#2229;	Server: null;	Channel: #undefined;	Content: **Name:** server
**Beschreibung:** Eine Liste aller Timolia Community Server
**Cooldown:** 3 Sekunde(n);
timestamp: Wed Mar 17 2021 13:40:27 GMT+0100 (Mitteleuropäische Normalzeit);	Author: 𝑫𝒂𝒗𝒊𝒅™#6666;	Server: null;	Channel: #undefined;	Content: !reload;
timestamp: Wed Mar 17 2021 13:40:27 GMT+0100 (Mitteleuropäische Normalzeit);	Author: Milchkasten#2229;	Server: null;	Channel: #undefined;	Content: ;
timestamp: Wed Mar 17 2021 13:40:30 GMT+0100 (Mitteleuropäische Normalzeit);	Author: 𝑫𝒂𝒗𝒊𝒅™#6666;	Server: null;	Channel: #undefined;	Content: !reload server;
timestamp: Wed Mar 17 2021 13:40:30 GMT+0100 (Mitteleuropäische Normalzeit);	Author: Milchkasten#2229;	Server: null;	Channel: #undefined;	Content: Command `server` was reloaded!;
timestamp: Wed Mar 17 2021 13:45:00 GMT+0100 (Mitteleuropäische Normalzeit);	Author: Mr_Milchmann_LP#0001;	Server: Milchkasten;	Channel: #commands;	Content: !serverinfo;
timestamp: Wed Mar 17 2021 13:45:01 GMT+0100 (Mitteleuropäische Normalzeit);	Author: Milchkasten#2229;	Server: Milchkasten;	Channel: #commands;	Content: ;
timestamp: Wed Mar 17 2021 13:46:27 GMT+0100 (Mitteleuropäische Normalzeit);	Author: Mr_Milchmann_LP#0001;	Server: Milchkasten;	Channel: #commands;	Content: !info;
timestamp: Wed Mar 17 2021 13:46:28 GMT+0100 (Mitteleuropäische Normalzeit);	Author: Milchkasten#2229;	Server: Milchkasten;	Channel: #commands;	Content: ;
timestamp: Wed Mar 17 2021 13:46:38 GMT+0100 (Mitteleuropäische Normalzeit);	Author: Mr_Milchmann_LP#0001;	Server: Milchkasten;	Channel: #commands;	Content: !serverinfo;
timestamp: Wed Mar 17 2021 13:46:38 GMT+0100 (Mitteleuropäische Normalzeit);	Author: Milchkasten#2229;	Server: Milchkasten;	Channel: #commands;	Content: ;
timestamp: Wed Mar 17 2021 14:35:14 GMT+0100 (Mitteleuropäische Normalzeit);	Author: Mr_Milchmann_LP#0001;	Server: Milchkasten;	Channel: #commands;	Content: !avatar <@!137259014986792960>;
timestamp: Wed Mar 17 2021 14:35:14 GMT+0100 (Mitteleuropäische Normalzeit);	Author: Milchkasten#2229;	Server: Milchkasten;	Channel: #commands;	Content: 𝑫𝒂𝒗𝒊𝒅™'s Avatar: <https://cdn.discordapp.com/avatars/137259014986792960/a_1647d7570ca6298017c357f70f693793.gif>;
timestamp: Wed Mar 17 2021 14:38:15 GMT+0100 (Mitteleuropäische Normalzeit);	Author: Mr_Milchmann_LP#0001;	Server: Milchkasten;	Channel: #commands;	Content: !help;
timestamp: Wed Mar 17 2021 14:38:15 GMT+0100 (Mitteleuropäische Normalzeit);	Author: Milchkasten#2229;	Server: null;	Channel: #undefined;	Content: ;
timestamp: Wed Mar 17 2021 14:38:15 GMT+0100 (Mitteleuropäische Normalzeit);	Author: Milchkasten#2229;	Server: Milchkasten;	Channel: #commands;	Content: <@!398101340322136075>, Du hast eine DM mit allen Befehlen bekommen!;
timestamp: Wed Mar 17 2021 14:44:06 GMT+0100 (Mitteleuropäische Normalzeit);	Author: Mr_Milchmann_LP#0001;	Server: Milchkasten;	Channel: #commands;	Content: !avatar <@!137259014986792960>;
timestamp: Wed Mar 17 2021 14:44:06 GMT+0100 (Mitteleuropäische Normalzeit);	Author: Milchkasten#2229;	Server: Milchkasten;	Channel: #commands;	Content: ;
timestamp: Wed Mar 17 2021 14:44:35 GMT+0100 (Mitteleuropäische Normalzeit);	Author: Mr_Milchmann_LP#0001;	Server: Milchkasten;	Channel: #commands;	Content: !avatar <@!137259014986792960>;
timestamp: Wed Mar 17 2021 14:44:35 GMT+0100 (Mitteleuropäische Normalzeit);	Author: Milchkasten#2229;	Server: Milchkasten;	Channel: #commands;	Content: ;
timestamp: Wed Mar 17 2021 15:07:25 GMT+0100 (Mitteleuropäische Normalzeit);	Author: Mr_Milchmann_LP#0001;	Server: Milchkasten;	Channel: #commands;	Content: !status;
timestamp: Wed Mar 17 2021 15:07:25 GMT+0100 (Mitteleuropäische Normalzeit);	Author: Milchkasten#2229;	Server: Milchkasten;	Channel: #commands;	Content: ;
timestamp: Wed Mar 17 2021 15:13:12 GMT+0100 (Mitteleuropäische Normalzeit);	Author: Mr_Milchmann_LP#0001;	Server: Milchkasten;	Channel: #commands;	Content: !invite;
timestamp: Wed Mar 17 2021 15:13:12 GMT+0100 (Mitteleuropäische Normalzeit);	Author: Milchkasten#2229;	Server: Milchkasten;	Channel: #commands;	Content: ;
timestamp: Wed Mar 17 2021 15:13:49 GMT+0100 (Mitteleuropäische Normalzeit);	Author: Mr_Milchmann_LP#0001;	Server: Milchkasten;	Channel: #commands;	Content: !invite;
timestamp: Wed Mar 17 2021 15:13:50 GMT+0100 (Mitteleuropäische Normalzeit);	Author: Milchkasten#2229;	Server: Milchkasten;	Channel: #commands;	Content: ;
timestamp: Wed Mar 17 2021 22:14:29 GMT+0100 (Mitteleuropäische Normalzeit);	Author: Mr_Milchmann_LP#0001;	Server: Milchkasten;	Channel: #commands;	Content: !userinfo l3nnart_;
timestamp: Wed Mar 17 2021 22:14:30 GMT+0100 (Mitteleuropäische Normalzeit);	Author: Milchkasten#2229;	Server: Milchkasten;	Channel: #commands;	Content: ;
timestamp: Wed Mar 17 2021 22:14:54 GMT+0100 (Mitteleuropäische Normalzeit);	Author: Mr_Milchmann_LP#0001;	Server: Milchkasten;	Channel: #commands;	Content: !userinfo l3nnart_;
timestamp: Wed Mar 17 2021 22:14:55 GMT+0100 (Mitteleuropäische Normalzeit);	Author: Milchkasten#2229;	Server: Milchkasten;	Channel: #commands;	Content: ;
timestamp: Wed Mar 17 2021 22:20:01 GMT+0100 (Mitteleuropäische Normalzeit);	Author: Mr_Milchmann_LP#0001;	Server: Milchkasten;	Channel: #commands;	Content: !userinfo l3nnart_;
timestamp: Wed Mar 17 2021 22:20:01 GMT+0100 (Mitteleuropäische Normalzeit);	Author: Milchkasten#2229;	Server: Milchkasten;	Channel: #commands;	Content: ;
timestamp: Wed Mar 17 2021 22:20:11 GMT+0100 (Mitteleuropäische Normalzeit);	Author: Mr_Milchmann_LP#0001;	Server: Milchkasten;	Channel: #commands;	Content: !stats 1vs1 l3nnart_;
timestamp: Wed Mar 17 2021 22:20:11 GMT+0100 (Mitteleuropäische Normalzeit);	Author: Milchkasten#2229;	Server: Milchkasten;	Channel: #commands;	Content: ;
timestamp: Wed Mar 17 2021 22:20:17 GMT+0100 (Mitteleuropäische Normalzeit);	Author: Mr_Milchmann_LP#0001;	Server: Milchkasten;	Channel: #commands;	Content: +stats 1vs1 l3nnart_;
timestamp: Wed Mar 17 2021 22:20:17 GMT+0100 (Mitteleuropäische Normalzeit);	Author: Timolia Statistiken#3231;	Server: Milchkasten;	Channel: #commands;	Content: ;
timestamp: Wed Mar 17 2021 22:26:19 GMT+0100 (Mitteleuropäische Normalzeit);	Author: Mr_Milchmann_LP#0001;	Server: Milchkasten;	Channel: #commands;	Content: +stats 1vs1 l3nnart_;
timestamp: Wed Mar 17 2021 22:26:19 GMT+0100 (Mitteleuropäische Normalzeit);	Author: Timolia Statistiken#3231;	Server: Milchkasten;	Channel: #commands;	Content: ;
timestamp: Wed Mar 17 2021 22:26:26 GMT+0100 (Mitteleuropäische Normalzeit);	Author: Mr_Milchmann_LP#0001;	Server: Milchkasten;	Channel: #commands;	Content: !stats 1vs1 l3nnart_;
timestamp: Wed Mar 17 2021 22:26:27 GMT+0100 (Mitteleuropäische Normalzeit);	Author: Milchkasten#2229;	Server: Milchkasten;	Channel: #commands;	Content: ;
timestamp: Wed Mar 17 2021 22:27:21 GMT+0100 (Mitteleuropäische Normalzeit);	Author: Mr_Milchmann_LP#0001;	Server: Milchkasten;	Channel: #commands;	Content: !stats 1vs1 l3nnart_;
timestamp: Wed Mar 17 2021 22:27:22 GMT+0100 (Mitteleuropäische Normalzeit);	Author: Milchkasten#2229;	Server: Milchkasten;	Channel: #commands;	Content: ;
timestamp: Wed Mar 17 2021 22:29:30 GMT+0100 (Mitteleuropäische Normalzeit);	Author: Mr_Milchmann_LP#0001;	Server: Milchkasten;	Channel: #commands;	Content: !stats 1vs1 l3nnart_;
timestamp: Wed Mar 17 2021 22:29:31 GMT+0100 (Mitteleuropäische Normalzeit);	Author: Milchkasten#2229;	Server: Milchkasten;	Channel: #commands;	Content: ;
timestamp: Wed Mar 17 2021 22:29:38 GMT+0100 (Mitteleuropäische Normalzeit);	Author: Mr_Milchmann_LP#0001;	Server: Milchkasten;	Channel: #commands;	Content: !userinfo l3nnart_;
timestamp: Wed Mar 17 2021 22:29:38 GMT+0100 (Mitteleuropäische Normalzeit);	Author: Milchkasten#2229;	Server: Milchkasten;	Channel: #commands;	Content: ;
timestamp: Wed Mar 17 2021 22:29:55 GMT+0100 (Mitteleuropäische Normalzeit);	Author: Mr_Milchmann_LP#0001;	Server: Milchkasten;	Channel: #commands;	Content: !top splun;
timestamp: Wed Mar 17 2021 22:29:58 GMT+0100 (Mitteleuropäische Normalzeit);	Author: Milchkasten#2229;	Server: Milchkasten;	Channel: #commands;	Content: ;
